19:45:06  INFO  i.g.bonigarcia.wdm.WebDriverManager - Using chromedriver 96.0.4664.45 (resolved driver for Chrome 96)
19:45:06  INFO  i.g.bonigarcia.wdm.WebDriverManager - Exporting webdriver.chrome.driver as /home/i-istomin/.cache/selenium/chromedriver/linux64/96.0.4664.45/chromedriver
19:45:06  INFO  manage.ApplicationManager - Test starts
19:45:14  INFO  tests.TestBase - Start test-->>cardCreation
19:45:14  INFO  manage.MyListener - The element with locator---->By.cssSelector: .board-tile-details
19:45:20  INFO  manage.MyListener - The element with locator---->By.cssSelector: .board-tile-details<---- was found
19:45:20  INFO  manage.MyListener - The element with locator---->By.cssSelector: .js-add-list
19:45:20  INFO  manage.MyListener - The element with locator---->By.cssSelector: .js-add-list<---- was found
19:45:21  INFO  manage.MyListener - The element with locator---->By.cssSelector: .list-name-input
19:45:21  INFO  manage.MyListener - The element with locator---->By.cssSelector: .list-name-input<---- was found
19:45:21  INFO  manage.MyListener - The element with locator---->By.cssSelector: input[value='Add list']
19:45:21  INFO  manage.MyListener - The element with locator---->By.cssSelector: input[value='Add list']<---- was found
19:45:21  INFO  manage.MyListener - The element with locator---->By.cssSelector: .js-add-a-card
19:45:21  INFO  manage.MyListener - The element with locator---->By.cssSelector: .js-add-a-card<---- was found
19:45:21  INFO  manage.MyListener - The element with locator---->By.cssSelector: .js-card-title
19:45:21  INFO  manage.MyListener - The element with locator---->By.cssSelector: .js-card-title<---- was found
19:45:21  INFO  manage.MyListener - The element with locator---->By.cssSelector: .js-cc-menu
19:45:21  INFO  manage.MyListener - The element with locator---->By.cssSelector: .js-cc-menu<---- was found
19:45:21  INFO  manage.MyListener - The element with locator---->By.cssSelector: .js-label-selector
19:45:21  INFO  manage.MyListener - The element with locator---->By.cssSelector: .js-label-selector<---- was found
19:45:21  INFO  manage.MyListener - We have a 'throwable' element---->stale element reference: element is not attached to the page document
  (Session info: chrome=96.0.4664.110)
For documentation on this error, please visit: https://www.seleniumhq.org/exceptions/stale_element_reference.html
Build info: version: '3.141.59', revision: 'e82be7d358', time: '2018-11-14T08:17:03'
System info: host: 'desktopirina', ip: '127.0.1.1', os.name: 'Linux', os.arch: 'amd64', os.version: '5.14.0-1033-oem', java.version: '11.0.15'
Driver info: org.openqa.selenium.chrome.ChromeDriver
Capabilities {acceptInsecureCerts: false, browserName: chrome, browserVersion: 96.0.4664.110, chrome: {chromedriverVersion: 96.0.4664.45 (76e4c1bb2ab46..., userDataDir: /tmp/.com.google.Chrome.FZJi54}, goog:chromeOptions: {debuggerAddress: localhost:34041}, javascriptEnabled: true, networkConnectionEnabled: false, pageLoadStrategy: normal, platform: LINUX, platformName: LINUX, proxy: Proxy(), setWindowRect: true, strictFileInteractability: false, timeouts: {implicit: 0, pageLoad: 300000, script: 30000}, unhandledPromptBehavior: dismiss and notify, webauthn:extension:credBlob: true, webauthn:extension:largeBlob: true, webauthn:virtualAuthenticators: true}
Session ID: 8a0cb1e7f9aab626ca7cb09c8869b1c0
19:45:21  INFO  manage.MyListener - org.openqa.selenium.StaleElementReferenceException: stale element reference: element is not attached to the page document
  (Session info: chrome=96.0.4664.110)
For documentation on this error, please visit: https://www.seleniumhq.org/exceptions/stale_element_reference.html
Build info: version: '3.141.59', revision: 'e82be7d358', time: '2018-11-14T08:17:03'
System info: host: 'desktopirina', ip: '127.0.1.1', os.name: 'Linux', os.arch: 'amd64', os.version: '5.14.0-1033-oem', java.version: '11.0.15'
Driver info: org.openqa.selenium.chrome.ChromeDriver
Capabilities {acceptInsecureCerts: false, browserName: chrome, browserVersion: 96.0.4664.110, chrome: {chromedriverVersion: 96.0.4664.45 (76e4c1bb2ab46..., userDataDir: /tmp/.com.google.Chrome.FZJi54}, goog:chromeOptions: {debuggerAddress: localhost:34041}, javascriptEnabled: true, networkConnectionEnabled: false, pageLoadStrategy: normal, platform: LINUX, platformName: LINUX, proxy: Proxy(), setWindowRect: true, strictFileInteractability: false, timeouts: {implicit: 0, pageLoad: 300000, script: 30000}, unhandledPromptBehavior: dismiss and notify, webauthn:extension:credBlob: true, webauthn:extension:largeBlob: true, webauthn:virtualAuthenticators: true}
Session ID: 8a0cb1e7f9aab626ca7cb09c8869b1c0
19:45:22  INFO  tests.TestBase - ******************************************************************
