19:45:50  INFO  i.g.bonigarcia.wdm.WebDriverManager - Using chromedriver 96.0.4664.45 (resolved driver for Chrome 96)
19:45:50  INFO  i.g.bonigarcia.wdm.WebDriverManager - Exporting webdriver.chrome.driver as /home/i-istomin/.cache/selenium/chromedriver/linux64/96.0.4664.45/chromedriver
19:45:51  INFO  manage.ApplicationManager - Test starts
19:45:59  INFO  tests.TestBase - Start test-->>cardCreation
19:45:59  INFO  manage.MyListener - The element with locator---->By.cssSelector: .board-tile-details
19:46:05  INFO  manage.MyListener - The element with locator---->By.cssSelector: .board-tile-details<---- was found
19:46:05  INFO  manage.MyListener - The element with locator---->By.cssSelector: .js-add-list
19:46:06  INFO  manage.MyListener - The element with locator---->By.cssSelector: .js-add-list<---- was found
19:46:06  INFO  manage.MyListener - The element with locator---->By.cssSelector: .list-name-input
19:46:06  INFO  manage.MyListener - The element with locator---->By.cssSelector: .list-name-input<---- was found
19:46:06  INFO  manage.MyListener - The element with locator---->By.cssSelector: input[value='Add list']
19:46:06  INFO  manage.MyListener - The element with locator---->By.cssSelector: input[value='Add list']<---- was found
19:46:06  INFO  manage.MyListener - The element with locator---->By.cssSelector: .js-add-a-card
19:46:06  INFO  manage.MyListener - The element with locator---->By.cssSelector: .js-add-a-card<---- was found
19:46:06  INFO  manage.MyListener - The element with locator---->By.cssSelector: .js-card-title
19:46:06  INFO  manage.MyListener - The element with locator---->By.cssSelector: .js-card-title<---- was found
19:46:06  INFO  manage.MyListener - The element with locator---->By.cssSelector: .js-cc-menu
19:46:06  INFO  manage.MyListener - The element with locator---->By.cssSelector: .js-cc-menu<---- was found
19:46:06  INFO  manage.MyListener - The element with locator---->By.cssSelector: .js-label-selector
19:46:06  INFO  manage.MyListener - The element with locator---->By.cssSelector: .js-label-selector<---- was found
19:46:07  INFO  manage.MyListener - The element with locator---->By.cssSelector: [data-color=green]
19:46:07  INFO  manage.MyListener - The element with locator---->By.cssSelector: [data-color=green]<---- was found
19:46:07  INFO  manage.MyListener - The element with locator---->By.cssSelector: input[value='Add card']
19:46:07  INFO  manage.MyListener - The element with locator---->By.cssSelector: input[value='Add card']<---- was found
19:46:07  INFO  tests.TestBase - ******************************************************************
