18:43:33  INFO  manage.ApplicationManager - All tests start in ChromeDriver
18:43:33  INFO  manage.ApplicationManager - Test starts
18:43:41  INFO  tests.TestBase - Start test-->>boardCreation5
18:43:41  INFO  manage.MyListener - The element with locator---->By.cssSelector: .boards-page-board-section-list-item
18:43:46  INFO  manage.MyListener - The element with locator---->By.cssSelector: .boards-page-board-section-list-item<---- was found
18:43:46  INFO  manage.MyListener - The element with locator---->By.xpath: //*[contains(@class,'icon-clock')]/../../..//li
18:43:56  INFO  manage.MyListener - The element with locator---->By.xpath: //*[contains(@class,'icon-clock')]/../../..//li<---- was found
18:43:56  INFO  tests.TestBase - Test boardcreation 5testQA32
18:43:56  INFO  manage.MyListener - The element with locator---->By.cssSelector: [data-test-id='header-create-menu-button']
18:43:56  INFO  manage.MyListener - The element with locator---->By.cssSelector: [data-test-id='header-create-menu-button']<---- was found
18:43:56  INFO  manage.MyListener - The element with locator---->By.cssSelector: [aria-label='BoardIcon']
18:43:56  INFO  manage.MyListener - The element with locator---->By.cssSelector: [aria-label='BoardIcon']<---- was found
18:43:56  INFO  manage.MyListener - The element with locator---->By.cssSelector: input[type='text']
18:44:06  INFO  manage.MyListener - We have a 'throwable' element---->no such element: Unable to locate element: {"method":"css selector","selector":"input[type='text']"}
  (Session info: chrome=101.0.4951.54)
For documentation on this error, please visit: https://www.seleniumhq.org/exceptions/no_such_element.html
Build info: version: '3.141.59', revision: 'e82be7d358', time: '2018-11-14T08:17:03'
System info: host: 'desktopirina', ip: '127.0.1.1', os.name: 'Linux', os.arch: 'amd64', os.version: '5.14.0-1036-oem', java.version: '11.0.15'
Driver info: org.openqa.selenium.chrome.ChromeDriver
Capabilities {acceptInsecureCerts: false, browserName: chrome, browserVersion: 101.0.4951.54, chrome: {chromedriverVersion: 101.0.4951.41 (93c720db8323..., userDataDir: /tmp/.com.google.Chrome.AO2NVe}, goog:chromeOptions: {debuggerAddress: localhost:42741}, javascriptEnabled: true, networkConnectionEnabled: false, pageLoadStrategy: normal, platform: LINUX, platformName: LINUX, proxy: Proxy(), setWindowRect: true, strictFileInteractability: false, timeouts: {implicit: 0, pageLoad: 300000, script: 30000}, unhandledPromptBehavior: dismiss and notify, webauthn:extension:credBlob: true, webauthn:extension:largeBlob: true, webauthn:virtualAuthenticators: true}
Session ID: 7f06325d766533fb8d2b329f2eaa99cc
*** Element info: {Using=css selector, value=input[type='text']}
18:44:06  INFO  manage.MyListener - org.openqa.selenium.NoSuchElementException: no such element: Unable to locate element: {"method":"css selector","selector":"input[type='text']"}
  (Session info: chrome=101.0.4951.54)
For documentation on this error, please visit: https://www.seleniumhq.org/exceptions/no_such_element.html
Build info: version: '3.141.59', revision: 'e82be7d358', time: '2018-11-14T08:17:03'
System info: host: 'desktopirina', ip: '127.0.1.1', os.name: 'Linux', os.arch: 'amd64', os.version: '5.14.0-1036-oem', java.version: '11.0.15'
Driver info: org.openqa.selenium.chrome.ChromeDriver
Capabilities {acceptInsecureCerts: false, browserName: chrome, browserVersion: 101.0.4951.54, chrome: {chromedriverVersion: 101.0.4951.41 (93c720db8323..., userDataDir: /tmp/.com.google.Chrome.AO2NVe}, goog:chromeOptions: {debuggerAddress: localhost:42741}, javascriptEnabled: true, networkConnectionEnabled: false, pageLoadStrategy: normal, platform: LINUX, platformName: LINUX, proxy: Proxy(), setWindowRect: true, strictFileInteractability: false, timeouts: {implicit: 0, pageLoad: 300000, script: 30000}, unhandledPromptBehavior: dismiss and notify, webauthn:extension:credBlob: true, webauthn:extension:largeBlob: true, webauthn:virtualAuthenticators: true}
Session ID: 7f06325d766533fb8d2b329f2eaa99cc
*** Element info: {Using=css selector, value=input[type='text']}
18:44:07  INFO  tests.TestBase - ******************************************************************
