09:52:12  INFO  manage.ApplicationManager - All tests start in ChromeDriver
09:52:12  INFO  manage.ApplicationManager - Test starts
09:52:21  INFO  tests.TestBase - Start test-->>boardCreation2
09:52:21  INFO  tests.TestBase - Test boradcreation 2TestQa323141
09:52:21  INFO  manage.MyListener - The element with locator---->By.cssSelector: [data-test-id='header-create-menu-button']
09:52:27  INFO  manage.MyListener - The element with locator---->By.cssSelector: [data-test-id='header-create-menu-button']<---- was found
09:52:27  INFO  manage.MyListener - The element with locator---->By.cssSelector: [aria-label='BoardIcon']
09:52:27  INFO  manage.MyListener - The element with locator---->By.cssSelector: [aria-label='BoardIcon']<---- was found
09:52:27  INFO  manage.MyListener - The element with locator---->By.cssSelector: [data-test-id = 'create-board-title-input']
09:52:37  INFO  manage.MyListener - We have a 'throwable' element---->no such element: Unable to locate element: {"method":"css selector","selector":"[data-test-id = 'create-board-title-input']"}
  (Session info: chrome=101.0.4951.54)
For documentation on this error, please visit: https://www.seleniumhq.org/exceptions/no_such_element.html
Build info: version: '3.141.59', revision: 'e82be7d358', time: '2018-11-14T08:17:03'
System info: host: 'desktopirina', ip: '127.0.1.1', os.name: 'Linux', os.arch: 'amd64', os.version: '5.14.0-1034-oem', java.version: '11.0.15'
Driver info: org.openqa.selenium.chrome.ChromeDriver
Capabilities {acceptInsecureCerts: false, browserName: chrome, browserVersion: 101.0.4951.54, chrome: {chromedriverVersion: 101.0.4951.41 (93c720db8323..., userDataDir: /tmp/.com.google.Chrome.T2NA4v}, goog:chromeOptions: {debuggerAddress: localhost:37601}, javascriptEnabled: true, networkConnectionEnabled: false, pageLoadStrategy: normal, platform: LINUX, platformName: LINUX, proxy: Proxy(), setWindowRect: true, strictFileInteractability: false, timeouts: {implicit: 0, pageLoad: 300000, script: 30000}, unhandledPromptBehavior: dismiss and notify, webauthn:extension:credBlob: true, webauthn:extension:largeBlob: true, webauthn:virtualAuthenticators: true}
Session ID: 5e4907dd5ab3dfbb2ec5f8566f6bb31e
*** Element info: {Using=css selector, value=[data-test-id = 'create-board-title-input']}
09:52:37  INFO  manage.MyListener - org.openqa.selenium.NoSuchElementException: no such element: Unable to locate element: {"method":"css selector","selector":"[data-test-id = 'create-board-title-input']"}
  (Session info: chrome=101.0.4951.54)
For documentation on this error, please visit: https://www.seleniumhq.org/exceptions/no_such_element.html
Build info: version: '3.141.59', revision: 'e82be7d358', time: '2018-11-14T08:17:03'
System info: host: 'desktopirina', ip: '127.0.1.1', os.name: 'Linux', os.arch: 'amd64', os.version: '5.14.0-1034-oem', java.version: '11.0.15'
Driver info: org.openqa.selenium.chrome.ChromeDriver
Capabilities {acceptInsecureCerts: false, browserName: chrome, browserVersion: 101.0.4951.54, chrome: {chromedriverVersion: 101.0.4951.41 (93c720db8323..., userDataDir: /tmp/.com.google.Chrome.T2NA4v}, goog:chromeOptions: {debuggerAddress: localhost:37601}, javascriptEnabled: true, networkConnectionEnabled: false, pageLoadStrategy: normal, platform: LINUX, platformName: LINUX, proxy: Proxy(), setWindowRect: true, strictFileInteractability: false, timeouts: {implicit: 0, pageLoad: 300000, script: 30000}, unhandledPromptBehavior: dismiss and notify, webauthn:extension:credBlob: true, webauthn:extension:largeBlob: true, webauthn:virtualAuthenticators: true}
Session ID: 5e4907dd5ab3dfbb2ec5f8566f6bb31e
*** Element info: {Using=css selector, value=[data-test-id = 'create-board-title-input']}
09:52:38  INFO  tests.TestBase - ******************************************************************
09:52:38  INFO  tests.TestBase - Start test-->>boardCreation3
09:52:38  INFO  manage.MyListener - The element with locator---->By.cssSelector: .boards-page-board-section-list-item
09:52:38  INFO  manage.MyListener - The element with locator---->By.cssSelector: .boards-page-board-section-list-item<---- was found
09:52:38  INFO  manage.MyListener - The element with locator---->By.xpath: //*[contains(@class,'icon-clock')]/../../..//li
09:52:48  INFO  manage.MyListener - The element with locator---->By.xpath: //*[contains(@class,'icon-clock')]/../../..//li<---- was found
09:52:48  INFO  tests.TestBase - Test boradcreation 3test1
09:52:48  INFO  manage.MyListener - The element with locator---->By.cssSelector: [data-test-id='header-create-menu-button']
09:52:48  INFO  manage.MyListener - The element with locator---->By.cssSelector: [data-test-id='header-create-menu-button']<---- was found
09:52:48  INFO  manage.MyListener - The element with locator---->By.cssSelector: [aria-label='BoardIcon']
09:52:48  INFO  manage.MyListener - The element with locator---->By.cssSelector: [aria-label='BoardIcon']<---- was found
09:52:48  INFO  manage.MyListener - The element with locator---->By.cssSelector: [data-test-id = 'create-board-title-input']
09:52:58  INFO  manage.MyListener - We have a 'throwable' element---->no such element: Unable to locate element: {"method":"css selector","selector":"[data-test-id = 'create-board-title-input']"}
  (Session info: chrome=101.0.4951.54)
For documentation on this error, please visit: https://www.seleniumhq.org/exceptions/no_such_element.html
Build info: version: '3.141.59', revision: 'e82be7d358', time: '2018-11-14T08:17:03'
System info: host: 'desktopirina', ip: '127.0.1.1', os.name: 'Linux', os.arch: 'amd64', os.version: '5.14.0-1034-oem', java.version: '11.0.15'
Driver info: org.openqa.selenium.chrome.ChromeDriver
Capabilities {acceptInsecureCerts: false, browserName: chrome, browserVersion: 101.0.4951.54, chrome: {chromedriverVersion: 101.0.4951.41 (93c720db8323..., userDataDir: /tmp/.com.google.Chrome.T2NA4v}, goog:chromeOptions: {debuggerAddress: localhost:37601}, javascriptEnabled: true, networkConnectionEnabled: false, pageLoadStrategy: normal, platform: LINUX, platformName: LINUX, proxy: Proxy(), setWindowRect: true, strictFileInteractability: false, timeouts: {implicit: 0, pageLoad: 300000, script: 30000}, unhandledPromptBehavior: dismiss and notify, webauthn:extension:credBlob: true, webauthn:extension:largeBlob: true, webauthn:virtualAuthenticators: true}
Session ID: 5e4907dd5ab3dfbb2ec5f8566f6bb31e
*** Element info: {Using=css selector, value=[data-test-id = 'create-board-title-input']}
09:52:58  INFO  manage.MyListener - org.openqa.selenium.NoSuchElementException: no such element: Unable to locate element: {"method":"css selector","selector":"[data-test-id = 'create-board-title-input']"}
  (Session info: chrome=101.0.4951.54)
For documentation on this error, please visit: https://www.seleniumhq.org/exceptions/no_such_element.html
Build info: version: '3.141.59', revision: 'e82be7d358', time: '2018-11-14T08:17:03'
System info: host: 'desktopirina', ip: '127.0.1.1', os.name: 'Linux', os.arch: 'amd64', os.version: '5.14.0-1034-oem', java.version: '11.0.15'
Driver info: org.openqa.selenium.chrome.ChromeDriver
Capabilities {acceptInsecureCerts: false, browserName: chrome, browserVersion: 101.0.4951.54, chrome: {chromedriverVersion: 101.0.4951.41 (93c720db8323..., userDataDir: /tmp/.com.google.Chrome.T2NA4v}, goog:chromeOptions: {debuggerAddress: localhost:37601}, javascriptEnabled: true, networkConnectionEnabled: false, pageLoadStrategy: normal, platform: LINUX, platformName: LINUX, proxy: Proxy(), setWindowRect: true, strictFileInteractability: false, timeouts: {implicit: 0, pageLoad: 300000, script: 30000}, unhandledPromptBehavior: dismiss and notify, webauthn:extension:credBlob: true, webauthn:extension:largeBlob: true, webauthn:virtualAuthenticators: true}
Session ID: 5e4907dd5ab3dfbb2ec5f8566f6bb31e
*** Element info: {Using=css selector, value=[data-test-id = 'create-board-title-input']}
09:52:59  INFO  tests.TestBase - ******************************************************************
09:52:59  INFO  tests.TestBase - Start test-->>boardCreation3
09:52:59  INFO  manage.MyListener - The element with locator---->By.cssSelector: .boards-page-board-section-list-item
09:52:59  INFO  manage.MyListener - The element with locator---->By.cssSelector: .boards-page-board-section-list-item<---- was found
09:52:59  INFO  manage.MyListener - The element with locator---->By.xpath: //*[contains(@class,'icon-clock')]/../../..//li
09:53:09  INFO  manage.MyListener - The element with locator---->By.xpath: //*[contains(@class,'icon-clock')]/../../..//li<---- was found
09:53:09  INFO  tests.TestBase - Test boradcreation 3test2
09:53:09  INFO  manage.MyListener - The element with locator---->By.cssSelector: [data-test-id='header-create-menu-button']
09:53:09  INFO  manage.MyListener - The element with locator---->By.cssSelector: [data-test-id='header-create-menu-button']<---- was found
09:53:09  INFO  manage.MyListener - The element with locator---->By.cssSelector: [aria-label='BoardIcon']
09:53:09  INFO  manage.MyListener - The element with locator---->By.cssSelector: [aria-label='BoardIcon']<---- was found
09:53:09  INFO  manage.MyListener - The element with locator---->By.cssSelector: [data-test-id = 'create-board-title-input']
09:53:19  INFO  manage.MyListener - We have a 'throwable' element---->no such element: Unable to locate element: {"method":"css selector","selector":"[data-test-id = 'create-board-title-input']"}
  (Session info: chrome=101.0.4951.54)
For documentation on this error, please visit: https://www.seleniumhq.org/exceptions/no_such_element.html
Build info: version: '3.141.59', revision: 'e82be7d358', time: '2018-11-14T08:17:03'
System info: host: 'desktopirina', ip: '127.0.1.1', os.name: 'Linux', os.arch: 'amd64', os.version: '5.14.0-1034-oem', java.version: '11.0.15'
Driver info: org.openqa.selenium.chrome.ChromeDriver
Capabilities {acceptInsecureCerts: false, browserName: chrome, browserVersion: 101.0.4951.54, chrome: {chromedriverVersion: 101.0.4951.41 (93c720db8323..., userDataDir: /tmp/.com.google.Chrome.T2NA4v}, goog:chromeOptions: {debuggerAddress: localhost:37601}, javascriptEnabled: true, networkConnectionEnabled: false, pageLoadStrategy: normal, platform: LINUX, platformName: LINUX, proxy: Proxy(), setWindowRect: true, strictFileInteractability: false, timeouts: {implicit: 0, pageLoad: 300000, script: 30000}, unhandledPromptBehavior: dismiss and notify, webauthn:extension:credBlob: true, webauthn:extension:largeBlob: true, webauthn:virtualAuthenticators: true}
Session ID: 5e4907dd5ab3dfbb2ec5f8566f6bb31e
*** Element info: {Using=css selector, value=[data-test-id = 'create-board-title-input']}
09:53:19  INFO  manage.MyListener - org.openqa.selenium.NoSuchElementException: no such element: Unable to locate element: {"method":"css selector","selector":"[data-test-id = 'create-board-title-input']"}
  (Session info: chrome=101.0.4951.54)
For documentation on this error, please visit: https://www.seleniumhq.org/exceptions/no_such_element.html
Build info: version: '3.141.59', revision: 'e82be7d358', time: '2018-11-14T08:17:03'
System info: host: 'desktopirina', ip: '127.0.1.1', os.name: 'Linux', os.arch: 'amd64', os.version: '5.14.0-1034-oem', java.version: '11.0.15'
Driver info: org.openqa.selenium.chrome.ChromeDriver
Capabilities {acceptInsecureCerts: false, browserName: chrome, browserVersion: 101.0.4951.54, chrome: {chromedriverVersion: 101.0.4951.41 (93c720db8323..., userDataDir: /tmp/.com.google.Chrome.T2NA4v}, goog:chromeOptions: {debuggerAddress: localhost:37601}, javascriptEnabled: true, networkConnectionEnabled: false, pageLoadStrategy: normal, platform: LINUX, platformName: LINUX, proxy: Proxy(), setWindowRect: true, strictFileInteractability: false, timeouts: {implicit: 0, pageLoad: 300000, script: 30000}, unhandledPromptBehavior: dismiss and notify, webauthn:extension:credBlob: true, webauthn:extension:largeBlob: true, webauthn:virtualAuthenticators: true}
Session ID: 5e4907dd5ab3dfbb2ec5f8566f6bb31e
*** Element info: {Using=css selector, value=[data-test-id = 'create-board-title-input']}
09:53:20  INFO  tests.TestBase - ******************************************************************
09:53:20  INFO  tests.TestBase - Start test-->>boardCreation3
09:53:20  INFO  manage.MyListener - The element with locator---->By.cssSelector: .boards-page-board-section-list-item
09:53:20  INFO  manage.MyListener - The element with locator---->By.cssSelector: .boards-page-board-section-list-item<---- was found
09:53:20  INFO  manage.MyListener - The element with locator---->By.xpath: //*[contains(@class,'icon-clock')]/../../..//li
09:53:30  INFO  manage.MyListener - The element with locator---->By.xpath: //*[contains(@class,'icon-clock')]/../../..//li<---- was found
09:53:30  INFO  tests.TestBase - Test boradcreation 3test3
09:53:30  INFO  manage.MyListener - The element with locator---->By.cssSelector: [data-test-id='header-create-menu-button']
09:53:30  INFO  manage.MyListener - The element with locator---->By.cssSelector: [data-test-id='header-create-menu-button']<---- was found
09:53:30  INFO  manage.MyListener - The element with locator---->By.cssSelector: [aria-label='BoardIcon']
09:53:30  INFO  manage.MyListener - The element with locator---->By.cssSelector: [aria-label='BoardIcon']<---- was found
09:53:30  INFO  manage.MyListener - The element with locator---->By.cssSelector: [data-test-id = 'create-board-title-input']
09:53:40  INFO  manage.MyListener - We have a 'throwable' element---->no such element: Unable to locate element: {"method":"css selector","selector":"[data-test-id = 'create-board-title-input']"}
  (Session info: chrome=101.0.4951.54)
For documentation on this error, please visit: https://www.seleniumhq.org/exceptions/no_such_element.html
Build info: version: '3.141.59', revision: 'e82be7d358', time: '2018-11-14T08:17:03'
System info: host: 'desktopirina', ip: '127.0.1.1', os.name: 'Linux', os.arch: 'amd64', os.version: '5.14.0-1034-oem', java.version: '11.0.15'
Driver info: org.openqa.selenium.chrome.ChromeDriver
Capabilities {acceptInsecureCerts: false, browserName: chrome, browserVersion: 101.0.4951.54, chrome: {chromedriverVersion: 101.0.4951.41 (93c720db8323..., userDataDir: /tmp/.com.google.Chrome.T2NA4v}, goog:chromeOptions: {debuggerAddress: localhost:37601}, javascriptEnabled: true, networkConnectionEnabled: false, pageLoadStrategy: normal, platform: LINUX, platformName: LINUX, proxy: Proxy(), setWindowRect: true, strictFileInteractability: false, timeouts: {implicit: 0, pageLoad: 300000, script: 30000}, unhandledPromptBehavior: dismiss and notify, webauthn:extension:credBlob: true, webauthn:extension:largeBlob: true, webauthn:virtualAuthenticators: true}
Session ID: 5e4907dd5ab3dfbb2ec5f8566f6bb31e
*** Element info: {Using=css selector, value=[data-test-id = 'create-board-title-input']}
09:53:40  INFO  manage.MyListener - org.openqa.selenium.NoSuchElementException: no such element: Unable to locate element: {"method":"css selector","selector":"[data-test-id = 'create-board-title-input']"}
  (Session info: chrome=101.0.4951.54)
For documentation on this error, please visit: https://www.seleniumhq.org/exceptions/no_such_element.html
Build info: version: '3.141.59', revision: 'e82be7d358', time: '2018-11-14T08:17:03'
System info: host: 'desktopirina', ip: '127.0.1.1', os.name: 'Linux', os.arch: 'amd64', os.version: '5.14.0-1034-oem', java.version: '11.0.15'
Driver info: org.openqa.selenium.chrome.ChromeDriver
Capabilities {acceptInsecureCerts: false, browserName: chrome, browserVersion: 101.0.4951.54, chrome: {chromedriverVersion: 101.0.4951.41 (93c720db8323..., userDataDir: /tmp/.com.google.Chrome.T2NA4v}, goog:chromeOptions: {debuggerAddress: localhost:37601}, javascriptEnabled: true, networkConnectionEnabled: false, pageLoadStrategy: normal, platform: LINUX, platformName: LINUX, proxy: Proxy(), setWindowRect: true, strictFileInteractability: false, timeouts: {implicit: 0, pageLoad: 300000, script: 30000}, unhandledPromptBehavior: dismiss and notify, webauthn:extension:credBlob: true, webauthn:extension:largeBlob: true, webauthn:virtualAuthenticators: true}
Session ID: 5e4907dd5ab3dfbb2ec5f8566f6bb31e
*** Element info: {Using=css selector, value=[data-test-id = 'create-board-title-input']}
09:53:41  INFO  tests.TestBase - ******************************************************************
09:53:41  INFO  tests.TestBase - Start test-->>boardCreation4
09:53:41  INFO  manage.MyListener - The element with locator---->By.cssSelector: .boards-page-board-section-list-item
09:53:41  INFO  manage.MyListener - The element with locator---->By.cssSelector: .boards-page-board-section-list-item<---- was found
09:53:41  INFO  manage.MyListener - The element with locator---->By.xpath: //*[contains(@class,'icon-clock')]/../../..//li
09:53:51  INFO  manage.MyListener - The element with locator---->By.xpath: //*[contains(@class,'icon-clock')]/../../..//li<---- was found
09:53:51  INFO  tests.TestBase - Test boardcreation 4testQA32
09:53:51  INFO  manage.MyListener - The element with locator---->By.cssSelector: [data-test-id='header-create-menu-button']
09:53:51  INFO  manage.MyListener - The element with locator---->By.cssSelector: [data-test-id='header-create-menu-button']<---- was found
09:53:51  INFO  manage.MyListener - The element with locator---->By.cssSelector: [aria-label='BoardIcon']
09:53:51  INFO  manage.MyListener - The element with locator---->By.cssSelector: [aria-label='BoardIcon']<---- was found
09:53:51  INFO  manage.MyListener - The element with locator---->By.cssSelector: [data-test-id = 'create-board-title-input']
09:54:01  INFO  manage.MyListener - We have a 'throwable' element---->no such element: Unable to locate element: {"method":"css selector","selector":"[data-test-id = 'create-board-title-input']"}
  (Session info: chrome=101.0.4951.54)
For documentation on this error, please visit: https://www.seleniumhq.org/exceptions/no_such_element.html
Build info: version: '3.141.59', revision: 'e82be7d358', time: '2018-11-14T08:17:03'
System info: host: 'desktopirina', ip: '127.0.1.1', os.name: 'Linux', os.arch: 'amd64', os.version: '5.14.0-1034-oem', java.version: '11.0.15'
Driver info: org.openqa.selenium.chrome.ChromeDriver
Capabilities {acceptInsecureCerts: false, browserName: chrome, browserVersion: 101.0.4951.54, chrome: {chromedriverVersion: 101.0.4951.41 (93c720db8323..., userDataDir: /tmp/.com.google.Chrome.T2NA4v}, goog:chromeOptions: {debuggerAddress: localhost:37601}, javascriptEnabled: true, networkConnectionEnabled: false, pageLoadStrategy: normal, platform: LINUX, platformName: LINUX, proxy: Proxy(), setWindowRect: true, strictFileInteractability: false, timeouts: {implicit: 0, pageLoad: 300000, script: 30000}, unhandledPromptBehavior: dismiss and notify, webauthn:extension:credBlob: true, webauthn:extension:largeBlob: true, webauthn:virtualAuthenticators: true}
Session ID: 5e4907dd5ab3dfbb2ec5f8566f6bb31e
*** Element info: {Using=css selector, value=[data-test-id = 'create-board-title-input']}
09:54:01  INFO  manage.MyListener - org.openqa.selenium.NoSuchElementException: no such element: Unable to locate element: {"method":"css selector","selector":"[data-test-id = 'create-board-title-input']"}
  (Session info: chrome=101.0.4951.54)
For documentation on this error, please visit: https://www.seleniumhq.org/exceptions/no_such_element.html
Build info: version: '3.141.59', revision: 'e82be7d358', time: '2018-11-14T08:17:03'
System info: host: 'desktopirina', ip: '127.0.1.1', os.name: 'Linux', os.arch: 'amd64', os.version: '5.14.0-1034-oem', java.version: '11.0.15'
Driver info: org.openqa.selenium.chrome.ChromeDriver
Capabilities {acceptInsecureCerts: false, browserName: chrome, browserVersion: 101.0.4951.54, chrome: {chromedriverVersion: 101.0.4951.41 (93c720db8323..., userDataDir: /tmp/.com.google.Chrome.T2NA4v}, goog:chromeOptions: {debuggerAddress: localhost:37601}, javascriptEnabled: true, networkConnectionEnabled: false, pageLoadStrategy: normal, platform: LINUX, platformName: LINUX, proxy: Proxy(), setWindowRect: true, strictFileInteractability: false, timeouts: {implicit: 0, pageLoad: 300000, script: 30000}, unhandledPromptBehavior: dismiss and notify, webauthn:extension:credBlob: true, webauthn:extension:largeBlob: true, webauthn:virtualAuthenticators: true}
Session ID: 5e4907dd5ab3dfbb2ec5f8566f6bb31e
*** Element info: {Using=css selector, value=[data-test-id = 'create-board-title-input']}
09:54:02  INFO  tests.TestBase - ******************************************************************
09:54:02  INFO  tests.TestBase - Start test-->>boardCreation5
09:54:02  INFO  manage.MyListener - The element with locator---->By.cssSelector: .boards-page-board-section-list-item
09:54:02  INFO  manage.MyListener - The element with locator---->By.cssSelector: .boards-page-board-section-list-item<---- was found
09:54:02  INFO  manage.MyListener - The element with locator---->By.xpath: //*[contains(@class,'icon-clock')]/../../..//li
09:54:12  INFO  manage.MyListener - The element with locator---->By.xpath: //*[contains(@class,'icon-clock')]/../../..//li<---- was found
09:54:12  INFO  tests.TestBase - Test boardcreation 5testQA32
09:54:12  INFO  manage.MyListener - The element with locator---->By.cssSelector: [data-test-id='header-create-menu-button']
09:54:12  INFO  manage.MyListener - The element with locator---->By.cssSelector: [data-test-id='header-create-menu-button']<---- was found
09:54:12  INFO  manage.MyListener - The element with locator---->By.cssSelector: [aria-label='BoardIcon']
09:54:12  INFO  manage.MyListener - The element with locator---->By.cssSelector: [aria-label='BoardIcon']<---- was found
09:54:12  INFO  manage.MyListener - The element with locator---->By.cssSelector: [data-test-id = 'create-board-title-input']
09:54:22  INFO  manage.MyListener - We have a 'throwable' element---->no such element: Unable to locate element: {"method":"css selector","selector":"[data-test-id = 'create-board-title-input']"}
  (Session info: chrome=101.0.4951.54)
For documentation on this error, please visit: https://www.seleniumhq.org/exceptions/no_such_element.html
Build info: version: '3.141.59', revision: 'e82be7d358', time: '2018-11-14T08:17:03'
System info: host: 'desktopirina', ip: '127.0.1.1', os.name: 'Linux', os.arch: 'amd64', os.version: '5.14.0-1034-oem', java.version: '11.0.15'
Driver info: org.openqa.selenium.chrome.ChromeDriver
Capabilities {acceptInsecureCerts: false, browserName: chrome, browserVersion: 101.0.4951.54, chrome: {chromedriverVersion: 101.0.4951.41 (93c720db8323..., userDataDir: /tmp/.com.google.Chrome.T2NA4v}, goog:chromeOptions: {debuggerAddress: localhost:37601}, javascriptEnabled: true, networkConnectionEnabled: false, pageLoadStrategy: normal, platform: LINUX, platformName: LINUX, proxy: Proxy(), setWindowRect: true, strictFileInteractability: false, timeouts: {implicit: 0, pageLoad: 300000, script: 30000}, unhandledPromptBehavior: dismiss and notify, webauthn:extension:credBlob: true, webauthn:extension:largeBlob: true, webauthn:virtualAuthenticators: true}
Session ID: 5e4907dd5ab3dfbb2ec5f8566f6bb31e
*** Element info: {Using=css selector, value=[data-test-id = 'create-board-title-input']}
09:54:22  INFO  manage.MyListener - org.openqa.selenium.NoSuchElementException: no such element: Unable to locate element: {"method":"css selector","selector":"[data-test-id = 'create-board-title-input']"}
  (Session info: chrome=101.0.4951.54)
For documentation on this error, please visit: https://www.seleniumhq.org/exceptions/no_such_element.html
Build info: version: '3.141.59', revision: 'e82be7d358', time: '2018-11-14T08:17:03'
System info: host: 'desktopirina', ip: '127.0.1.1', os.name: 'Linux', os.arch: 'amd64', os.version: '5.14.0-1034-oem', java.version: '11.0.15'
Driver info: org.openqa.selenium.chrome.ChromeDriver
Capabilities {acceptInsecureCerts: false, browserName: chrome, browserVersion: 101.0.4951.54, chrome: {chromedriverVersion: 101.0.4951.41 (93c720db8323..., userDataDir: /tmp/.com.google.Chrome.T2NA4v}, goog:chromeOptions: {debuggerAddress: localhost:37601}, javascriptEnabled: true, networkConnectionEnabled: false, pageLoadStrategy: normal, platform: LINUX, platformName: LINUX, proxy: Proxy(), setWindowRect: true, strictFileInteractability: false, timeouts: {implicit: 0, pageLoad: 300000, script: 30000}, unhandledPromptBehavior: dismiss and notify, webauthn:extension:credBlob: true, webauthn:extension:largeBlob: true, webauthn:virtualAuthenticators: true}
Session ID: 5e4907dd5ab3dfbb2ec5f8566f6bb31e
*** Element info: {Using=css selector, value=[data-test-id = 'create-board-title-input']}
09:54:23  INFO  tests.TestBase - ******************************************************************
